# JRE version: OpenJDK Runtime Environment Temurin-25.0.3+9 (25.0.3+9) (build 25.0.3+9-LTS)
# Java VM: OpenJDK 64-Bit Server VM Temurin-25.0.3+9 (25.0.3+9-LTS, mixed mode, sharing, tiered, compressed oops, compressed class ptrs, g1 gc, windows-amd64)
GC Precious Log:
 CardTable entry size: 512
 Card Set container configuration: InlinePtr #cards 5 size 8 Array Of Cards #cards 10 size 36 Howl #buckets 4 coarsen threshold 1843 Howl Bitmap #cards 512 size 80 coarsen threshold 460 Card regions per heap region 1 cards per card region 2048
 CPUs: 4 total, 4 available
 Memory: 8025M
 Large Page Support: Disabled
 NUMA Support: Disabled
 Compressed Oops: Enabled (32-bit)
 Heap Region Size: 1M
 Heap Min Capacity: 8M
 Heap Initial Capacity: 126M
 Heap Max Capacity: 2008M
 Pre-touch: Disabled
 Parallel Workers: 4
 Concurrent Workers: 1
 Concurrent Refinement Workers: 4
 Periodic GC: Disabled
Heap:
 garbage-first heap   total reserved 2056192K, committed 141312K, used 84172K [0x0000000082800000, 0x0000000100000000)
  region size 1024K, 17 young (17408K), 5 survivors (5120K)
GC Heap Usage History (20 events):
Event: 26.973 {heap Before GC invocations=24 (full 0):
 garbage-first heap   total reserved 2056192K, committed 102400K, used 91832K [0x0000000082800000, 0x0000000100000000)
  region size 1024K, 48 young (49152K), 6 survivors (6144K)
}
Event: 26.985 {heap After GC invocations=25 (full 0):
 garbage-first heap   total reserved 2056192K, committed 103424K, used 51524K [0x0000000082800000, 0x0000000100000000)
  region size 1024K, 4 young (4096K), 4 survivors (4096K)
}
Event: 34.267 {heap Before GC invocations=25 (full 0):
 garbage-first heap   total reserved 2056192K, committed 103424K, used 92484K [0x0000000082800000, 0x0000000100000000)
  region size 1024K, 44 young (45056K), 4 survivors (4096K)
}
Event: 34.280 {heap After GC invocations=26 (full 0):
 garbage-first heap   total reserved 2056192K, committed 103424K, used 55972K [0x0000000082800000, 0x0000000100000000)
  region size 1024K, 6 young (6144K), 6 survivors (6144K)
}
Event: 35.942 {heap Before GC invocations=27 (full 0):
 garbage-first heap   total reserved 2056192K, committed 103424K, used 92836K [0x0000000082800000, 0x0000000100000000)
  region size 1024K, 42 young (43008K), 6 survivors (6144K)
}
Event: 35.958 {heap After GC invocations=28 (full 0):
 garbage-first heap   total reserved 2056192K, committed 103424K, used 58719K [0x0000000082800000, 0x0000000100000000)
  region size 1024K, 3 young (3072K), 3 survivors (3072K)
}
Event: 38.066 {heap Before GC invocations=28 (full 0):
 garbage-first heap   total reserved 2056192K, committed 103424K, used 94559K [0x0000000082800000, 0x0000000100000000)
  region size 1024K, 38 young (38912K), 3 survivors (3072K)
}
Event: 38.076 {heap After GC invocations=29 (full 0):
 garbage-first heap   total reserved 2056192K, committed 103424K, used 60037K [0x0000000082800000, 0x0000000100000000)
  region size 1024K, 5 young (5120K), 5 survivors (5120K)
}
Event: 39.045 {heap Before GC invocations=29 (full 0):
 garbage-first heap   total reserved 2056192K, committed 103424K, used 94853K [0x0000000082800000, 0x0000000100000000)
  region size 1024K, 39 young (39936K), 5 survivors (5120K)
}
Event: 39.054 {heap After GC invocations=30 (full 0):
 garbage-first heap   total reserved 2056192K, committed 103424K, used 61506K [0x0000000082800000, 0x0000000100000000)
  region size 1024K, 4 young (4096K), 4 survivors (4096K)
}
Event: 39.567 {heap Before GC invocations=31 (full 0):
 garbage-first heap   total reserved 2056192K, committed 104448K, used 95298K [0x0000000082800000, 0x0000000100000000)
  region size 1024K, 37 young (37888K), 4 survivors (4096K)
}
Event: 39.573 {heap After GC invocations=32 (full 0):
 garbage-first heap   total reserved 2056192K, committed 104448K, used 62518K [0x0000000082800000, 0x0000000100000000)
  region size 1024K, 3 young (3072K), 3 survivors (3072K)
}
Event: 40.081 {heap Before GC invocations=32 (full 0):
 garbage-first heap   total reserved 2056192K, committed 104448K, used 97334K [0x0000000082800000, 0x0000000100000000)
  region size 1024K, 37 young (37888K), 3 survivors (3072K)
}
Event: 40.095 {heap After GC invocations=33 (full 0):
 garbage-first heap   total reserved 2056192K, committed 104448K, used 62606K [0x0000000082800000, 0x0000000100000000)
  region size 1024K, 4 young (4096K), 4 survivors (4096K)
}
Event: 40.370 {heap Before GC invocations=33 (full 0):
 garbage-first heap   total reserved 2056192K, committed 104448K, used 67726K [0x0000000082800000, 0x0000000100000000)
  region size 1024K, 11 young (11264K), 4 survivors (4096K)
}
Event: 40.378 {heap After GC invocations=34 (full 0):
 garbage-first heap   total reserved 2056192K, committed 104448K, used 63707K [0x0000000082800000, 0x0000000100000000)
  region size 1024K, 4 young (4096K), 4 survivors (4096K)
}
Event: 41.694 {heap Before GC invocations=35 (full 0):
 garbage-first heap   total reserved 2056192K, committed 116736K, used 100571K [0x0000000082800000, 0x0000000100000000)
  region size 1024K, 36 young (36864K), 4 survivors (4096K)
}
Event: 41.706 {heap After GC invocations=36 (full 0):
 garbage-first heap   total reserved 2056192K, committed 116736K, used 68683K [0x0000000082800000, 0x0000000100000000)
  region size 1024K, 5 young (5120K), 5 survivors (5120K)
}
Event: 42.749 {heap Before GC invocations=36 (full 0):
 garbage-first heap   total reserved 2056192K, committed 116736K, used 104523K [0x0000000082800000, 0x0000000100000000)
  region size 1024K, 40 young (40960K), 5 survivors (5120K)
}
Event: 42.778 {heap After GC invocations=37 (full 0):
 garbage-first heap   total reserved 2056192K, committed 141312K, used 72908K [0x0000000082800000, 0x0000000100000000)
  region size 1024K, 5 young (5120K), 5 survivors (5120K)
}

